<?xml version="1.0" encoding="UTF-8"?>
<!-- Generated by org.testng.reporters.JUnitReportReporter -->
<testsuite hostname="AMAC02CV2M4ML85" failures="0" tests="1" name="GoogleTest" time="4.403" errors="0" timestamp="25 Nov 2021 15:19:43 GMT">
  <testcase classname="GoogleTest" name="testGoogle" time="4.403"/>
</testsuite> <!-- GoogleTest -->
